[    5801ms] [WARNING] Failed to execute 'postMessage' on 'DOMWindow': The target origin provided ('https://www.youtube.com') does not match the recipient window's origin ('https://www.google.com'). @ https://www.youtube.com/s/player/6c5cb4f4/www-widgetapi.vflset/www-widgetapi.js:209
[    7301ms] [ERROR] Failed to load resource: the server responded with a status of 403 () @ https://vercel.com/api/jwt:0
[    7421ms] [WARNING] Deprecated API for given entry type. @ https://vercel.com/vc-ap-vercel-marketing/_next/static/chunks/16311f15697c7a40.js?dpl=dpl_GNxeB8VHDH2GbAKhmUQYjLmFyG6q:18
[   12906ms] [WARNING] [GSI_LOGGER]: Your client application uses one of the Google One Tap prompt UI status methods that may stop functioning when FedCM becomes mandatory. Refer to the migration guide to update your code accordingly and opt-in to FedCM to test your changes. Learn more: https://developers.google.com/identity/gsi/web/guides/fedcm-migration?s=dc#display_moment and https://developers.google.com/identity/gsi/web/guides/fedcm-migration?s=dc#skipped_moment @ https://accounts.google.com/gsi/client:80
[   13093ms] [ERROR] Failed to load resource: the server responded with a status of 403 () @ https://vercel.com/api/jwt:0
[   13123ms] [WARNING] Deprecated API for given entry type. @ https://vercel.com/_next/static/chunks/1dfda0c757f6ddb8.js?dpl=dpl_A3qGGPgcFskYCY5Mdkq15kCKc4h6:18
[   14163ms] [ERROR] The request has been aborted. @ https://vercel.com/_next/static/chunks/2c899af108f53e18.js?dpl=dpl_A3qGGPgcFskYCY5Mdkq15kCKc4h6:8
[   14182ms] [ERROR] [GSI_LOGGER]: FedCM get() rejects with AbortError: signal is aborted without reason @ https://vercel.com/_next/static/chunks/96d3b0dad0c34765.js?dpl=dpl_A3qGGPgcFskYCY5Mdkq15kCKc4h6:2
[   14320ms] [ERROR] Failed to load resource: the server responded with a status of 429 () @ https://o205439.ingest.sentry.io/api/1323670/envelope/?sentry_key=d00780d432ac4ccf882f60dd02062e14&sentry_version=7&sentry_client=sentry.javascript.browser%2F7.111.0:0
[   16189ms] [ERROR] Cross-Origin-Opener-Policy policy would block the window.closed call. @ https://vercel.com/_next/static/chunks/2c899af108f53e18.js?dpl=dpl_A3qGGPgcFskYCY5Mdkq15kCKc4h6:8
[   16189ms] [ERROR] Cross-Origin-Opener-Policy policy would block the window.closed call. @ https://vercel.com/_next/static/chunks/2c899af108f53e18.js?dpl=dpl_A3qGGPgcFskYCY5Mdkq15kCKc4h6:8
[   17394ms] [WARNING] The resource https://vercel.com/_next/static/media/adobe-light.f79f3d81.svg?dpl=dpl_A3qGGPgcFskYCY5Mdkq15kCKc4h6 was preloaded using link preload but not used within a few seconds from the window's load event. Please make sure it has an appropriate `as` value and it is preloaded intentionally. @ https://vercel.com/login:0
[   17394ms] [WARNING] The resource https://vercel.com/_next/static/chunks/5451265637787101.css?dpl=dpl_A3qGGPgcFskYCY5Mdkq15kCKc4h6 was preloaded using link preload but not used within a few seconds from the window's load event. Please make sure it has an appropriate `as` value and it is preloaded intentionally. @ https://vercel.com/login:0
[   17394ms] [WARNING] The resource https://vercel.com/_next/static/chunks/a4c9703d26f238f2.css?dpl=dpl_A3qGGPgcFskYCY5Mdkq15kCKc4h6 was preloaded using link preload but not used within a few seconds from the window's load event. Please make sure it has an appropriate `as` value and it is preloaded intentionally. @ https://vercel.com/login:0
[   17394ms] [WARNING] The resource https://vercel.com/_next/static/chunks/f488f845a7c3b152.css?dpl=dpl_A3qGGPgcFskYCY5Mdkq15kCKc4h6 was preloaded using link preload but not used within a few seconds from the window's load event. Please make sure it has an appropriate `as` value and it is preloaded intentionally. @ https://vercel.com/login:0
[   17394ms] [WARNING] The resource https://vercel.com/_next/static/media/stripe-dark.48a95cc5.svg?dpl=dpl_A3qGGPgcFskYCY5Mdkq15kCKc4h6 was preloaded using link preload but not used within a few seconds from the window's load event. Please make sure it has an appropriate `as` value and it is preloaded intentionally. @ https://vercel.com/login:0
[   17394ms] [WARNING] The resource https://vercel.com/_next/static/media/ebay-light.d32ee4fa.svg?dpl=dpl_A3qGGPgcFskYCY5Mdkq15kCKc4h6 was preloaded using link preload but not used within a few seconds from the window's load event. Please make sure it has an appropriate `as` value and it is preloaded intentionally. @ https://vercel.com/login:0
[   17394ms] [WARNING] The resource https://vercel.com/_next/static/media/ebay-dark.c0f6b334.svg?dpl=dpl_A3qGGPgcFskYCY5Mdkq15kCKc4h6 was preloaded using link preload but not used within a few seconds from the window's load event. Please make sure it has an appropriate `as` value and it is preloaded intentionally. @ https://vercel.com/login:0
[   17394ms] [WARNING] The resource https://vercel.com/_next/static/media/stripe-light.9f600ad2.svg?dpl=dpl_A3qGGPgcFskYCY5Mdkq15kCKc4h6 was preloaded using link preload but not used within a few seconds from the window's load event. Please make sure it has an appropriate `as` value and it is preloaded intentionally. @ https://vercel.com/login:0
[   17394ms] [WARNING] The resource https://vercel.com/_next/static/chunks/0e31e930b3d5f261.css?dpl=dpl_A3qGGPgcFskYCY5Mdkq15kCKc4h6 was preloaded using link preload but not used within a few seconds from the window's load event. Please make sure it has an appropriate `as` value and it is preloaded intentionally. @ https://vercel.com/login:0
[   20095ms] [ERROR] Failed to load resource: net::ERR_INSUFFICIENT_RESOURCES @ https://vercel.com/_next/static/chunks/9c049fc7b4baa37e.js?dpl=dpl_A3qGGPgcFskYCY5Mdkq15kCKc4h6:0
[   23135ms] [ERROR] Failed to load resource: net::ERR_INSUFFICIENT_RESOURCES @ https://vercel.com/_next/static/chunks/03d0dd9d83302c4a.js?dpl=dpl_A3qGGPgcFskYCY5Mdkq15kCKc4h6:0
[   23135ms] [ERROR] Failed to load resource: net::ERR_INSUFFICIENT_RESOURCES @ https://vercel.com/_next/static/chunks/f8dc38ea589b16a2.js?dpl=dpl_A3qGGPgcFskYCY5Mdkq15kCKc4h6:0
[   23135ms] [ERROR] Failed to load resource: net::ERR_INSUFFICIENT_RESOURCES @ https://vercel.com/_next/static/chunks/2848486b190f752e.js?dpl=dpl_A3qGGPgcFskYCY5Mdkq15kCKc4h6:0
[   23390ms] [WARNING] iso_swr: SSR fetch failed for "/api/usage-summary?teamId=iop-eer0001" {error: iso_swr_fetch_error, message: Usage prefetch failed: no_cache} @ https://vercel.com/iop-eer0001:317
